Build started 2/16/2015 4:55:30 PM.
     1>Project "C:\Users\Thanh\Documents\All in UCI\Winter 2015\ICS 45C\45CProject_HW2\45CProject\45CProject.vcxproj" on node 2 (Build target(s)).
     1>ClCompile:
         C:\Program Files (x86)\Microsoft Visual Studio 12.0\VC\bin\CL.exe /c /ZI /nologo /W3 /WX- /Od /Oy- /D WIN32 /D _DEBUG /D _CONSOLE /D _LIB /D _UNICODE /D UNICODE /Gm /EHsc /RTC1 /MDd /GS /fp:precise /Zc:wchar_t /Zc:forScope /Fo"Debug\\" /Fd"Debug\vc120.pdb" /Gd /TP /analyze- /errorReport:prompt main.cpp
         main.cpp
       Link:
         C:\Program Files (x86)\Microsoft Visual Studio 12.0\VC\bin\link.exe /ERRORREPORT:PROMPT /OUT:"C:\Users\Thanh\Documents\All in UCI\Winter 2015\ICS 45C\45CProject_HW2\Debug\45CProject.exe" /INCREMENTAL /NOLOGO kernel32.lib user32.lib gdi32.lib winspool.lib comdlg32.lib advapi32.lib shell32.lib ole32.lib oleaut32.lib uuid.lib odbc32.lib odbccp32.lib /MANIFEST /MANIFESTUAC:"level='asInvoker' uiAccess='false'" /manifest:embed /DEBUG /PDB:"C:\Users\Thanh\Documents\All in UCI\Winter 2015\ICS 45C\45CProject_HW2\Debug\45CProject.pdb" /SUBSYSTEM:CONSOLE /TLBID:1 /DYNAMICBASE /NXCOMPAT /IMPLIB:"C:\Users\Thanh\Documents\All in UCI\Winter 2015\ICS 45C\45CProject_HW2\Debug\45CProject.lib" /MACHINE:X86 Debug\main.obj
         Debug\problem4.obj
         Debug\rectangle.obj
         Debug\circle.obj
         Debug\problem1.obj
         Debug\ask_pos_input.obj
         Debug\problem2.obj
         Debug\problem3.obj
         Debug\score_problem4.obj
         Debug\triangle.obj
         45CProject.vcxproj -> C:\Users\Thanh\Documents\All in UCI\Winter 2015\ICS 45C\45CProject_HW2\Debug\45CProject.exe
     1>Done Building Project "C:\Users\Thanh\Documents\All in UCI\Winter 2015\ICS 45C\45CProject_HW2\45CProject\45CProject.vcxproj" (Build target(s)).

Build succeeded.

Time Elapsed 00:00:04.02
